<?xml version="1.0" encoding="UTF-8"?>
<coverage generated="1717955501664" clover="3.2.0">
  <project timestamp="1717955501664" name="All files">
    <metrics statements="128" coveredstatements="128" conditionals="74" coveredconditionals="74" methods="33" coveredmethods="33" elements="235" coveredelements="235" complexity="0" loc="128" ncloc="128" packages="1" files="5" classes="5"/>
    <file name="arrayUtils.ts" path="/home/asili/ariasTools/src/arrayUtils.ts">
      <metrics statements="34" coveredstatements="34" conditionals="24" coveredconditionals="24" methods="8" coveredmethods="8"/>
      <line num="1" count="1" type="stmt"/>
      <line num="2" count="1" type="stmt"/>
      <line num="11" count="1" type="stmt"/>
      <line num="12" count="13" type="stmt"/>
      <line num="13" count="13" type="cond" truecount="6" falsecount="0"/>
      <line num="15" count="2" type="stmt"/>
      <line num="16" count="7" type="stmt"/>
      <line num="17" count="7" type="cond" truecount="3" falsecount="0"/>
      <line num="21" count="2" type="stmt"/>
      <line num="22" count="6" type="stmt"/>
      <line num="23" count="6" type="cond" truecount="2" falsecount="0"/>
      <line num="27" count="2" type="stmt"/>
      <line num="28" count="6" type="stmt"/>
      <line num="29" count="6" type="cond" truecount="2" falsecount="0"/>
      <line num="33" count="3" type="stmt"/>
      <line num="34" count="7" type="stmt"/>
      <line num="35" count="7" type="stmt"/>
      <line num="37" count="7" type="cond" truecount="6" falsecount="0"/>
      <line num="38" count="6" type="stmt"/>
      <line num="40" count="1" type="stmt"/>
      <line num="41" count="1" type="stmt"/>
      <line num="45" count="3" type="stmt"/>
      <line num="46" count="9" type="stmt"/>
      <line num="48" count="9" type="cond" truecount="4" falsecount="0"/>
      <line num="49" count="6" type="stmt"/>
      <line num="51" count="3" type="stmt"/>
      <line num="52" count="3" type="stmt"/>
      <line num="57" count="1" type="stmt"/>
      <line num="69" count="1" type="stmt"/>
      <line num="70" count="4" type="cond" truecount="1" falsecount="0"/>
      <line num="71" count="2" type="stmt"/>
      <line num="72" count="2" type="stmt"/>
      <line num="73" count="8" type="stmt"/>
      <line num="75" count="2" type="stmt"/>
    </file>
    <file name="dateUtils.ts" path="/home/asili/ariasTools/src/dateUtils.ts">
      <metrics statements="23" coveredstatements="23" conditionals="24" coveredconditionals="24" methods="3" coveredmethods="3"/>
      <line num="7" count="2" type="stmt"/>
      <line num="9" count="18" type="stmt"/>
      <line num="10" count="18" type="stmt"/>
      <line num="22" count="2" type="cond" truecount="1" falsecount="0"/>
      <line num="23" count="26" type="cond" truecount="4" falsecount="0"/>
      <line num="24" count="1" type="stmt"/>
      <line num="27" count="25" type="stmt"/>
      <line num="28" count="25" type="stmt"/>
      <line num="30" count="25" type="cond" truecount="3" falsecount="0"/>
      <line num="31" count="1" type="stmt"/>
      <line num="34" count="24" type="cond" truecount="2" falsecount="0"/>
      <line num="36" count="24" type="cond" truecount="2" falsecount="0"/>
      <line num="37" count="15" type="stmt"/>
      <line num="38" count="15" type="stmt"/>
      <line num="40" count="15" type="cond" truecount="3" falsecount="0"/>
      <line num="41" count="1" type="stmt"/>
      <line num="44" count="14" type="cond" truecount="2" falsecount="0"/>
      <line num="45" count="9" type="cond" truecount="2" falsecount="0"/>
      <line num="47" count="5" type="cond" truecount="4" falsecount="0"/>
      <line num="51" count="9" type="stmt"/>
      <line num="53" count="9" type="cond" truecount="1" falsecount="0"/>
      <line num="54" count="1" type="stmt"/>
      <line num="57" count="8" type="stmt"/>
    </file>
    <file name="functionUtils.ts" path="/home/asili/ariasTools/src/functionUtils.ts">
      <metrics statements="13" coveredstatements="13" conditionals="1" coveredconditionals="1" methods="7" coveredmethods="7"/>
      <line num="8" count="1" type="stmt"/>
      <line num="10" count="1" type="stmt"/>
      <line num="11" count="3" type="stmt"/>
      <line num="12" count="3" type="stmt"/>
      <line num="23" count="1" type="stmt"/>
      <line num="24" count="1" type="stmt"/>
      <line num="25" count="1" type="stmt"/>
      <line num="26" count="3" type="stmt"/>
      <line num="27" count="3" type="cond" truecount="1" falsecount="0"/>
      <line num="28" count="1" type="stmt"/>
      <line num="29" count="1" type="stmt"/>
      <line num="40" count="1" type="stmt"/>
      <line num="41" count="3" type="stmt"/>
    </file>
    <file name="objectUtils.ts" path="/home/asili/ariasTools/src/objectUtils.ts">
      <metrics statements="44" coveredstatements="44" conditionals="23" coveredconditionals="23" methods="11" coveredmethods="11"/>
      <line num="10" count="2" type="cond" truecount="1" falsecount="0"/>
      <line num="11" count="48" type="stmt"/>
      <line num="12" count="48" type="stmt"/>
      <line num="15" count="103" type="cond" truecount="1" falsecount="0"/>
      <line num="16" count="42" type="stmt"/>
      <line num="17" count="42" type="stmt"/>
      <line num="20" count="61" type="stmt"/>
      <line num="21" count="61" type="cond" truecount="2" falsecount="0"/>
      <line num="23" count="2" type="cond" truecount="2" falsecount="0"/>
      <line num="24" count="1" type="stmt"/>
      <line num="25" count="1" type="cond" truecount="1" falsecount="0"/>
      <line num="26" count="1" type="stmt"/>
      <line num="29" count="1" type="stmt"/>
      <line num="31" count="59" type="cond" truecount="1" falsecount="0"/>
      <line num="32" count="53" type="stmt"/>
      <line num="36" count="48" type="stmt"/>
      <line num="37" count="48" type="cond" truecount="1" falsecount="0"/>
      <line num="38" count="6" type="stmt"/>
      <line num="41" count="42" type="stmt"/>
      <line num="53" count="2" type="stmt"/>
      <line num="54" count="3" type="stmt"/>
      <line num="55" count="9" type="stmt"/>
      <line num="56" count="9" type="stmt"/>
      <line num="57" count="9" type="stmt"/>
      <line num="58" count="9" type="cond" truecount="2" falsecount="0"/>
      <line num="59" count="3" type="stmt"/>
      <line num="62" count="3" type="stmt"/>
      <line num="64" count="6" type="stmt"/>
      <line num="67" count="9" type="cond" truecount="2" falsecount="0"/>
      <line num="68" count="3" type="stmt"/>
      <line num="70" count="6" type="stmt"/>
      <line num="81" count="2" type="stmt"/>
      <line num="82" count="3" type="stmt"/>
      <line num="92" count="2" type="stmt"/>
      <line num="93" count="10" type="cond" truecount="3" falsecount="0"/>
      <line num="94" count="1" type="stmt"/>
      <line num="96" count="9" type="stmt"/>
      <line num="97" count="9" type="cond" truecount="1" falsecount="0"/>
      <line num="98" count="9" type="cond" truecount="4" falsecount="0"/>
      <line num="99" count="6" type="stmt"/>
      <line num="101" count="3" type="stmt"/>
      <line num="105" count="9" type="stmt"/>
      <line num="114" count="2" type="stmt"/>
      <line num="115" count="20" type="cond" truecount="2" falsecount="0"/>
    </file>
    <file name="randomUtils.ts" path="/home/asili/ariasTools/src/randomUtils.ts">
      <metrics statements="14" coveredstatements="14" conditionals="2" coveredconditionals="2" methods="4" coveredmethods="4"/>
      <line num="1" count="1" type="stmt"/>
      <line num="2" count="2" type="stmt"/>
      <line num="3" count="2" type="stmt"/>
      <line num="4" count="10" type="stmt"/>
      <line num="6" count="2" type="stmt"/>
      <line num="7" count="2" type="stmt"/>
      <line num="8" count="6" type="stmt"/>
      <line num="9" count="6" type="stmt"/>
      <line num="11" count="2" type="stmt"/>
      <line num="19" count="1" type="stmt"/>
      <line num="20" count="1" type="stmt"/>
      <line num="21" count="31" type="stmt"/>
      <line num="22" count="31" type="cond" truecount="2" falsecount="0"/>
      <line num="23" count="31" type="stmt"/>
    </file>
  </project>
</coverage>
