{"total": {"lines":{"total":138,"covered":135,"skipped":0,"pct":97.82},"statements":{"total":167,"covered":160,"skipped":0,"pct":95.8},"functions":{"total":39,"covered":36,"skipped":0,"pct":92.3},"branches":{"total":85,"covered":79,"skipped":0,"pct":92.94},"branchesTrue":{"total":0,"covered":0,"skipped":0,"pct":"Unknown"}}
,"/home/asili/arias/src/arrayUtils.ts": {"lines":{"total":44,"covered":41,"skipped":0,"pct":93.18},"functions":{"total":14,"covered":11,"skipped":0,"pct":78.57},"statements":{"total":54,"covered":47,"skipped":0,"pct":87.03},"branches":{"total":35,"covered":29,"skipped":0,"pct":82.85}}
,"/home/asili/arias/src/dateUtils.ts": {"lines":{"total":23,"covered":23,"skipped":0,"pct":100},"functions":{"total":3,"covered":3,"skipped":0,"pct":100},"statements":{"total":25,"covered":25,"skipped":0,"pct":100},"branches":{"total":24,"covered":24,"skipped":0,"pct":100}}
,"/home/asili/arias/src/functionUtils.ts": {"lines":{"total":13,"covered":13,"skipped":0,"pct":100},"functions":{"total":7,"covered":7,"skipped":0,"pct":100},"statements":{"total":18,"covered":18,"skipped":0,"pct":100},"branches":{"total":1,"covered":1,"skipped":0,"pct":100}}
,"/home/asili/arias/src/objectUtils.ts": {"lines":{"total":44,"covered":44,"skipped":0,"pct":100},"functions":{"total":11,"covered":11,"skipped":0,"pct":100},"statements":{"total":53,"covered":53,"skipped":0,"pct":100},"branches":{"total":23,"covered":23,"skipped":0,"pct":100}}
,"/home/asili/arias/src/randomUtils.ts": {"lines":{"total":14,"covered":14,"skipped":0,"pct":100},"functions":{"total":4,"covered":4,"skipped":0,"pct":100},"statements":{"total":17,"covered":17,"skipped":0,"pct":100},"branches":{"total":2,"covered":2,"skipped":0,"pct":100}}
}
