{"/home/asili/ariasTools/src/arrayUtils.ts": {"path":"/home/asili/ariasTools/src/arrayUtils.ts","statementMap":{"0":{"start":{"line":1,"column":0},"end":{"line":1,"column":61}},"1":{"start":{"line":2,"column":0},"end":{"line":2,"column":51}},"2":{"start":{"line":11,"column":29},"end":{"line":60,"column":1}},"3":{"start":{"line":12,"column":4},"end":{"line":59,"column":12}},"4":{"start":{"line":13,"column":8},"end":{"line":58,"column":9}},"5":{"start":{"line":15,"column":16},"end":{"line":18,"column":19}},"6":{"start":{"line":16,"column":34},"end":{"line":16,"column":111}},"7":{"start":{"line":17,"column":20},"end":{"line":17,"column":103}},"8":{"start":{"line":21,"column":16},"end":{"line":24,"column":19}},"9":{"start":{"line":22,"column":34},"end":{"line":22,"column":120}},"10":{"start":{"line":23,"column":20},"end":{"line":23,"column":73}},"11":{"start":{"line":27,"column":16},"end":{"line":30,"column":19}},"12":{"start":{"line":28,"column":34},"end":{"line":28,"column":120}},"13":{"start":{"line":29,"column":20},"end":{"line":29,"column":79}},"14":{"start":{"line":33,"column":16},"end":{"line":43,"column":19}},"15":{"start":{"line":34,"column":41},"end":{"line":34,"column":118}},"16":{"start":{"line":35,"column":39},"end":{"line":35,"column":116}},"17":{"start":{"line":37,"column":20},"end":{"line":42,"column":21}},"18":{"start":{"line":38,"column":24},"end":{"line":38,"column":116}},"19":{"start":{"line":40,"column":24},"end":{"line":40,"column":93}},"20":{"start":{"line":41,"column":24},"end":{"line":41,"column":37}},"21":{"start":{"line":45,"column":16},"end":{"line":54,"column":19}},"22":{"start":{"line":46,"column":41},"end":{"line":46,"column":118}},"23":{"start":{"line":48,"column":20},"end":{"line":53,"column":21}},"24":{"start":{"line":49,"column":24},"end":{"line":49,"column":104}},"25":{"start":{"line":51,"column":24},"end":{"line":51,"column":78}},"26":{"start":{"line":52,"column":24},"end":{"line":52,"column":37}},"27":{"start":{"line":57,"column":16},"end":{"line":57,"column":36}},"28":{"start":{"line":11,"column":13},"end":{"line":11,"column":29}},"29":{"start":{"line":69,"column":26},"end":{"line":76,"column":1}},"30":{"start":{"line":70,"column":4},"end":{"line":70,"column":69}},"31":{"start":{"line":70,"column":19},"end":{"line":70,"column":69}},"32":{"start":{"line":71,"column":26},"end":{"line":71,"column":28}},"33":{"start":{"line":72,"column":4},"end":{"line":74,"column":5}},"34":{"start":{"line":72,"column":17},"end":{"line":72,"column":18}},"35":{"start":{"line":73,"column":8},"end":{"line":73,"column":46}},"36":{"start":{"line":75,"column":4},"end":{"line":75,"column":18}},"37":{"start":{"line":69,"column":13},"end":{"line":69,"column":26}}},"fnMap":{"0":{"name":"(anonymous_0)","decl":{"start":{"line":11,"column":29},"end":{"line":11,"column":33}},"loc":{"start":{"line":11,"column":69},"end":{"line":60,"column":1}}},"1":{"name":"(anonymous_1)","decl":{"start":{"line":12,"column":26},"end":{"line":12,"column":27}},"loc":{"start":{"line":12,"column":51},"end":{"line":59,"column":5}}},"2":{"name":"(anonymous_2)","decl":{"start":{"line":15,"column":43},"end":{"line":15,"column":47}},"loc":{"start":{"line":15,"column":50},"end":{"line":18,"column":17}}},"3":{"name":"(anonymous_3)","decl":{"start":{"line":21,"column":43},"end":{"line":21,"column":47}},"loc":{"start":{"line":21,"column":50},"end":{"line":24,"column":17}}},"4":{"name":"(anonymous_4)","decl":{"start":{"line":27,"column":43},"end":{"line":27,"column":47}},"loc":{"start":{"line":27,"column":50},"end":{"line":30,"column":17}}},"5":{"name":"(anonymous_5)","decl":{"start":{"line":33,"column":43},"end":{"line":33,"column":47}},"loc":{"start":{"line":33,"column":50},"end":{"line":43,"column":17}}},"6":{"name":"(anonymous_6)","decl":{"start":{"line":45,"column":43},"end":{"line":45,"column":47}},"loc":{"start":{"line":45,"column":50},"end":{"line":54,"column":17}}},"7":{"name":"(anonymous_7)","decl":{"start":{"line":69,"column":26},"end":{"line":69,"column":30}},"loc":{"start":{"line":69,"column":65},"end":{"line":76,"column":1}}}},"branchMap":{"0":{"loc":{"start":{"line":13,"column":8},"end":{"line":58,"column":9}},"type":"switch","locations":[{"start":{"line":14,"column":12},"end":{"line":18,"column":19}},{"start":{"line":20,"column":12},"end":{"line":24,"column":19}},{"start":{"line":26,"column":12},"end":{"line":30,"column":19}},{"start":{"line":32,"column":12},"end":{"line":43,"column":19}},{"start":{"line":44,"column":12},"end":{"line":54,"column":19}},{"start":{"line":56,"column":12},"end":{"line":57,"column":36}}]},"1":{"loc":{"start":{"line":17,"column":27},"end":{"line":17,"column":102}},"type":"binary-expr","locations":[{"start":{"line":17,"column":27},"end":{"line":17,"column":46}},{"start":{"line":17,"column":50},"end":{"line":17,"column":74}},{"start":{"line":17,"column":78},"end":{"line":17,"column":102}}]},"2":{"loc":{"start":{"line":23,"column":27},"end":{"line":23,"column":72}},"type":"binary-expr","locations":[{"start":{"line":23,"column":27},"end":{"line":23,"column":46}},{"start":{"line":23,"column":50},"end":{"line":23,"column":72}}]},"3":{"loc":{"start":{"line":29,"column":27},"end":{"line":29,"column":78}},"type":"binary-expr","locations":[{"start":{"line":29,"column":27},"end":{"line":29,"column":46}},{"start":{"line":29,"column":50},"end":{"line":29,"column":78}}]},"4":{"loc":{"start":{"line":37,"column":20},"end":{"line":42,"column":21}},"type":"if","locations":[{"start":{"line":37,"column":20},"end":{"line":42,"column":21}},{"start":{"line":39,"column":27},"end":{"line":42,"column":21}}]},"5":{"loc":{"start":{"line":37,"column":24},"end":{"line":37,"column":108}},"type":"binary-expr","locations":[{"start":{"line":37,"column":24},"end":{"line":37,"column":36}},{"start":{"line":37,"column":40},"end":{"line":37,"column":50}},{"start":{"line":37,"column":54},"end":{"line":37,"column":80}},{"start":{"line":37,"column":84},"end":{"line":37,"column":108}}]},"6":{"loc":{"start":{"line":48,"column":20},"end":{"line":53,"column":21}},"type":"if","locations":[{"start":{"line":48,"column":20},"end":{"line":53,"column":21}},{"start":{"line":50,"column":27},"end":{"line":53,"column":21}}]},"7":{"loc":{"start":{"line":48,"column":24},"end":{"line":48,"column":66}},"type":"binary-expr","locations":[{"start":{"line":48,"column":24},"end":{"line":48,"column":36}},{"start":{"line":48,"column":40},"end":{"line":48,"column":66}}]},"8":{"loc":{"start":{"line":70,"column":4},"end":{"line":70,"column":69}},"type":"if","locations":[{"start":{"line":70,"column":4},"end":{"line":70,"column":69}}]}},"s":{"0":1,"1":1,"2":1,"3":13,"4":13,"5":2,"6":7,"7":7,"8":2,"9":6,"10":6,"11":2,"12":6,"13":6,"14":3,"15":7,"16":7,"17":7,"18":6,"19":1,"20":1,"21":3,"22":9,"23":9,"24":6,"25":3,"26":3,"27":1,"28":1,"29":1,"30":4,"31":2,"32":2,"33":2,"34":2,"35":8,"36":2,"37":1},"f":{"0":13,"1":13,"2":7,"3":6,"4":6,"5":7,"6":9,"7":4},"b":{"0":[2,2,2,3,3,1],"1":[7,7,2],"2":[6,6],"3":[6,6],"4":[6,1],"5":[7,6,6,6],"6":[6,3],"7":[9,6],"8":[2]}}
,"/home/asili/ariasTools/src/dateUtils.ts": {"path":"/home/asili/ariasTools/src/dateUtils.ts","statementMap":{"0":{"start":{"line":9,"column":18},"end":{"line":9,"column":71}},"1":{"start":{"line":10,"column":4},"end":{"line":10,"column":27}},"2":{"start":{"line":7,"column":0},"end":{"line":7,"column":16}},"3":{"start":{"line":22,"column":32},"end":{"line":59,"column":1}},"4":{"start":{"line":23,"column":4},"end":{"line":25,"column":5}},"5":{"start":{"line":24,"column":8},"end":{"line":24,"column":95}},"6":{"start":{"line":27,"column":27},"end":{"line":27,"column":47}},"7":{"start":{"line":28,"column":25},"end":{"line":28,"column":43}},"8":{"start":{"line":30,"column":4},"end":{"line":32,"column":5}},"9":{"start":{"line":31,"column":8},"end":{"line":31,"column":48}},"10":{"start":{"line":34,"column":24},"end":{"line":34,"column":86}},"11":{"start":{"line":34,"column":40},"end":{"line":34,"column":86}},"12":{"start":{"line":36,"column":4},"end":{"line":58,"column":5}},"13":{"start":{"line":37,"column":34},"end":{"line":37,"column":52}},"14":{"start":{"line":38,"column":32},"end":{"line":38,"column":50}},"15":{"start":{"line":40,"column":8},"end":{"line":42,"column":9}},"16":{"start":{"line":41,"column":12},"end":{"line":41,"column":55}},"17":{"start":{"line":44,"column":8},"end":{"line":49,"column":9}},"18":{"start":{"line":45,"column":12},"end":{"line":45,"column":90}},"19":{"start":{"line":47,"column":12},"end":{"line":48,"column":92}},"20":{"start":{"line":51,"column":29},"end":{"line":51,"column":47}},"21":{"start":{"line":53,"column":8},"end":{"line":55,"column":9}},"22":{"start":{"line":54,"column":12},"end":{"line":54,"column":54}},"23":{"start":{"line":57,"column":8},"end":{"line":57,"column":41}},"24":{"start":{"line":22,"column":13},"end":{"line":22,"column":32}}},"fnMap":{"0":{"name":"isDateString","decl":{"start":{"line":7,"column":16},"end":{"line":7,"column":28}},"loc":{"start":{"line":7,"column":40},"end":{"line":11,"column":1}}},"1":{"name":"(anonymous_1)","decl":{"start":{"line":22,"column":32},"end":{"line":22,"column":33}},"loc":{"start":{"line":22,"column":124},"end":{"line":59,"column":1}}},"2":{"name":"(anonymous_2)","decl":{"start":{"line":34,"column":24},"end":{"line":34,"column":25}},"loc":{"start":{"line":34,"column":40},"end":{"line":34,"column":86}}}},"branchMap":{"0":{"loc":{"start":{"line":22,"column":88},"end":{"line":22,"column":111}},"type":"default-arg","locations":[{"start":{"line":22,"column":106},"end":{"line":22,"column":111}}]},"1":{"loc":{"start":{"line":23,"column":4},"end":{"line":25,"column":5}},"type":"if","locations":[{"start":{"line":23,"column":4},"end":{"line":25,"column":5}}]},"2":{"loc":{"start":{"line":23,"column":8},"end":{"line":23,"column":69}},"type":"binary-expr","locations":[{"start":{"line":23,"column":8},"end":{"line":23,"column":29}},{"start":{"line":23,"column":33},"end":{"line":23,"column":49}},{"start":{"line":23,"column":53},"end":{"line":23,"column":69}}]},"3":{"loc":{"start":{"line":30,"column":4},"end":{"line":32,"column":5}},"type":"if","locations":[{"start":{"line":30,"column":4},"end":{"line":32,"column":5}}]},"4":{"loc":{"start":{"line":30,"column":8},"end":{"line":30,"column":72}},"type":"binary-expr","locations":[{"start":{"line":30,"column":8},"end":{"line":30,"column":39}},{"start":{"line":30,"column":43},"end":{"line":30,"column":72}}]},"5":{"loc":{"start":{"line":34,"column":40},"end":{"line":34,"column":86}},"type":"binary-expr","locations":[{"start":{"line":34,"column":40},"end":{"line":34,"column":62}},{"start":{"line":34,"column":66},"end":{"line":34,"column":86}}]},"6":{"loc":{"start":{"line":36,"column":4},"end":{"line":58,"column":5}},"type":"if","locations":[{"start":{"line":36,"column":4},"end":{"line":58,"column":5}},{"start":{"line":50,"column":11},"end":{"line":58,"column":5}}]},"7":{"loc":{"start":{"line":40,"column":8},"end":{"line":42,"column":9}},"type":"if","locations":[{"start":{"line":40,"column":8},"end":{"line":42,"column":9}}]},"8":{"loc":{"start":{"line":40,"column":12},"end":{"line":40,"column":82}},"type":"binary-expr","locations":[{"start":{"line":40,"column":12},"end":{"line":40,"column":46}},{"start":{"line":40,"column":50},"end":{"line":40,"column":82}}]},"9":{"loc":{"start":{"line":44,"column":8},"end":{"line":49,"column":9}},"type":"if","locations":[{"start":{"line":44,"column":8},"end":{"line":49,"column":9}},{"start":{"line":46,"column":15},"end":{"line":49,"column":9}}]},"10":{"loc":{"start":{"line":45,"column":19},"end":{"line":45,"column":89}},"type":"binary-expr","locations":[{"start":{"line":45,"column":19},"end":{"line":45,"column":54}},{"start":{"line":45,"column":58},"end":{"line":45,"column":89}}]},"11":{"loc":{"start":{"line":47,"column":19},"end":{"line":48,"column":91}},"type":"binary-expr","locations":[{"start":{"line":47,"column":19},"end":{"line":47,"column":49}},{"start":{"line":47,"column":53},"end":{"line":47,"column":81}},{"start":{"line":48,"column":20},"end":{"line":48,"column":55}},{"start":{"line":48,"column":59},"end":{"line":48,"column":90}}]},"12":{"loc":{"start":{"line":53,"column":8},"end":{"line":55,"column":9}},"type":"if","locations":[{"start":{"line":53,"column":8},"end":{"line":55,"column":9}}]}},"s":{"0":18,"1":18,"2":2,"3":2,"4":26,"5":1,"6":25,"7":25,"8":25,"9":1,"10":24,"11":16,"12":24,"13":15,"14":15,"15":15,"16":1,"17":14,"18":9,"19":5,"20":9,"21":9,"22":1,"23":8,"24":2},"f":{"0":18,"1":26,"2":16},"b":{"0":[6],"1":[1],"2":[26,26,25],"3":[1],"4":[25,24],"5":[16,6],"6":[15,9],"7":[1],"8":[15,14],"9":[9,5],"10":[9,4],"11":[5,3,3,3],"12":[1]}}
,"/home/asili/ariasTools/src/functionUtils.ts": {"path":"/home/asili/ariasTools/src/functionUtils.ts","statementMap":{"0":{"start":{"line":8,"column":24},"end":{"line":14,"column":1}},"1":{"start":{"line":10,"column":4},"end":{"line":13,"column":6}},"2":{"start":{"line":11,"column":8},"end":{"line":11,"column":30}},"3":{"start":{"line":12,"column":8},"end":{"line":12,"column":56}},"4":{"start":{"line":12,"column":35},"end":{"line":12,"column":48}},"5":{"start":{"line":8,"column":13},"end":{"line":8,"column":24}},"6":{"start":{"line":23,"column":24},"end":{"line":32,"column":1}},"7":{"start":{"line":24,"column":21},"end":{"line":24,"column":22}},"8":{"start":{"line":25,"column":4},"end":{"line":31,"column":6}},"9":{"start":{"line":26,"column":20},"end":{"line":26,"column":40}},"10":{"start":{"line":27,"column":8},"end":{"line":30,"column":9}},"11":{"start":{"line":28,"column":12},"end":{"line":28,"column":29}},"12":{"start":{"line":29,"column":12},"end":{"line":29,"column":26}},"13":{"start":{"line":23,"column":13},"end":{"line":23,"column":24}},"14":{"start":{"line":40,"column":21},"end":{"line":42,"column":1}},"15":{"start":{"line":41,"column":4},"end":{"line":41,"column":61}},"16":{"start":{"line":41,"column":36},"end":{"line":41,"column":59}},"17":{"start":{"line":40,"column":13},"end":{"line":40,"column":21}}},"fnMap":{"0":{"name":"(anonymous_0)","decl":{"start":{"line":8,"column":24},"end":{"line":8,"column":25}},"loc":{"start":{"line":8,"column":67},"end":{"line":14,"column":1}}},"1":{"name":"(anonymous_1)","decl":{"start":{"line":10,"column":11},"end":{"line":10,"column":12}},"loc":{"start":{"line":10,"column":30},"end":{"line":13,"column":5}}},"2":{"name":"(anonymous_2)","decl":{"start":{"line":12,"column":29},"end":{"line":12,"column":32}},"loc":{"start":{"line":12,"column":35},"end":{"line":12,"column":48}}},"3":{"name":"(anonymous_3)","decl":{"start":{"line":23,"column":24},"end":{"line":23,"column":25}},"loc":{"start":{"line":23,"column":67},"end":{"line":32,"column":1}}},"4":{"name":"(anonymous_4)","decl":{"start":{"line":25,"column":11},"end":{"line":25,"column":12}},"loc":{"start":{"line":25,"column":30},"end":{"line":31,"column":5}}},"5":{"name":"(anonymous_5)","decl":{"start":{"line":40,"column":21},"end":{"line":40,"column":22}},"loc":{"start":{"line":40,"column":51},"end":{"line":42,"column":1}}},"6":{"name":"(anonymous_6)","decl":{"start":{"line":41,"column":23},"end":{"line":41,"column":24}},"loc":{"start":{"line":41,"column":36},"end":{"line":41,"column":59}}}},"branchMap":{"0":{"loc":{"start":{"line":27,"column":8},"end":{"line":30,"column":9}},"type":"if","locations":[{"start":{"line":27,"column":8},"end":{"line":30,"column":9}}]}},"s":{"0":1,"1":1,"2":3,"3":3,"4":1,"5":1,"6":1,"7":1,"8":1,"9":3,"10":3,"11":1,"12":1,"13":1,"14":1,"15":3,"16":3,"17":1},"f":{"0":1,"1":3,"2":1,"3":1,"4":3,"5":3,"6":3},"b":{"0":[1]}}
,"/home/asili/ariasTools/src/objectUtils.ts": {"path":"/home/asili/ariasTools/src/objectUtils.ts","statementMap":{"0":{"start":{"line":10,"column":34},"end":{"line":42,"column":1}},"1":{"start":{"line":11,"column":17},"end":{"line":11,"column":32}},"2":{"start":{"line":12,"column":30},"end":{"line":12,"column":32}},"3":{"start":{"line":15,"column":8},"end":{"line":18,"column":9}},"4":{"start":{"line":16,"column":12},"end":{"line":16,"column":29}},"5":{"start":{"line":17,"column":12},"end":{"line":17,"column":19}},"6":{"start":{"line":20,"column":20},"end":{"line":20,"column":42}},"7":{"start":{"line":21,"column":8},"end":{"line":33,"column":9}},"8":{"start":{"line":23,"column":12},"end":{"line":30,"column":13}},"9":{"start":{"line":24,"column":30},"end":{"line":24,"column":47}},"10":{"start":{"line":25,"column":16},"end":{"line":27,"column":17}},"11":{"start":{"line":26,"column":20},"end":{"line":26,"column":55}},"12":{"start":{"line":29,"column":16},"end":{"line":29,"column":78}},"13":{"start":{"line":29,"column":38},"end":{"line":29,"column":76}},"14":{"start":{"line":31,"column":15},"end":{"line":33,"column":9}},"15":{"start":{"line":32,"column":12},"end":{"line":32,"column":45}},"16":{"start":{"line":36,"column":4},"end":{"line":36,"column":32}},"17":{"start":{"line":37,"column":4},"end":{"line":39,"column":5}},"18":{"start":{"line":38,"column":8},"end":{"line":38,"column":36}},"19":{"start":{"line":41,"column":4},"end":{"line":41,"column":18}},"20":{"start":{"line":10,"column":13},"end":{"line":10,"column":34}},"21":{"start":{"line":53,"column":35},"end":{"line":73,"column":1}},"22":{"start":{"line":54,"column":4},"end":{"line":72,"column":7}},"23":{"start":{"line":55,"column":21},"end":{"line":55,"column":36}},"24":{"start":{"line":56,"column":31},"end":{"line":56,"column":34}},"25":{"start":{"line":57,"column":8},"end":{"line":66,"column":9}},"26":{"start":{"line":58,"column":12},"end":{"line":65,"column":13}},"27":{"start":{"line":59,"column":42},"end":{"line":59,"column":78}},"28":{"start":{"line":59,"column":68},"end":{"line":59,"column":77}},"29":{"start":{"line":62,"column":16},"end":{"line":62,"column":85}},"30":{"start":{"line":62,"column":64},"end":{"line":62,"column":83}},"31":{"start":{"line":64,"column":16},"end":{"line":64,"column":47}},"32":{"start":{"line":67,"column":8},"end":{"line":71,"column":9}},"33":{"start":{"line":68,"column":12},"end":{"line":68,"column":67}},"34":{"start":{"line":68,"column":45},"end":{"line":68,"column":65}},"35":{"start":{"line":70,"column":12},"end":{"line":70,"column":48}},"36":{"start":{"line":53,"column":13},"end":{"line":53,"column":35}},"37":{"start":{"line":81,"column":25},"end":{"line":83,"column":1}},"38":{"start":{"line":82,"column":4},"end":{"line":82,"column":43}},"39":{"start":{"line":81,"column":13},"end":{"line":81,"column":25}},"40":{"start":{"line":92,"column":25},"end":{"line":106,"column":1}},"41":{"start":{"line":93,"column":4},"end":{"line":95,"column":5}},"42":{"start":{"line":94,"column":8},"end":{"line":94,"column":22}},"43":{"start":{"line":96,"column":4},"end":{"line":104,"column":5}},"44":{"start":{"line":97,"column":8},"end":{"line":103,"column":9}},"45":{"start":{"line":98,"column":12},"end":{"line":102,"column":13}},"46":{"start":{"line":99,"column":16},"end":{"line":99,"column":66}},"47":{"start":{"line":101,"column":16},"end":{"line":101,"column":42}},"48":{"start":{"line":105,"column":4},"end":{"line":105,"column":18}},"49":{"start":{"line":92,"column":13},"end":{"line":92,"column":25}},"50":{"start":{"line":114,"column":24},"end":{"line":116,"column":1}},"51":{"start":{"line":115,"column":4},"end":{"line":115,"column":55}},"52":{"start":{"line":114,"column":13},"end":{"line":114,"column":24}}},"fnMap":{"0":{"name":"(anonymous_0)","decl":{"start":{"line":10,"column":34},"end":{"line":10,"column":60}},"loc":{"start":{"line":10,"column":125},"end":{"line":42,"column":1}}},"1":{"name":"recursiveCollect","decl":{"start":{"line":14,"column":13},"end":{"line":14,"column":29}},"loc":{"start":{"line":14,"column":82},"end":{"line":34,"column":5}}},"2":{"name":"(anonymous_2)","decl":{"start":{"line":29,"column":28},"end":{"line":29,"column":29}},"loc":{"start":{"line":29,"column":38},"end":{"line":29,"column":76}}},"3":{"name":"(anonymous_3)","decl":{"start":{"line":53,"column":35},"end":{"line":53,"column":61}},"loc":{"start":{"line":53,"column":121},"end":{"line":73,"column":1}}},"4":{"name":"(anonymous_4)","decl":{"start":{"line":54,"column":23},"end":{"line":54,"column":24}},"loc":{"start":{"line":54,"column":45},"end":{"line":72,"column":5}}},"5":{"name":"(anonymous_5)","decl":{"start":{"line":59,"column":58},"end":{"line":59,"column":59}},"loc":{"start":{"line":59,"column":68},"end":{"line":59,"column":77}}},"6":{"name":"(anonymous_6)","decl":{"start":{"line":62,"column":55},"end":{"line":62,"column":60}},"loc":{"start":{"line":62,"column":64},"end":{"line":62,"column":83}}},"7":{"name":"(anonymous_7)","decl":{"start":{"line":68,"column":36},"end":{"line":68,"column":37}},"loc":{"start":{"line":68,"column":45},"end":{"line":68,"column":65}}},"8":{"name":"(anonymous_8)","decl":{"start":{"line":81,"column":25},"end":{"line":81,"column":29}},"loc":{"start":{"line":81,"column":42},"end":{"line":83,"column":1}}},"9":{"name":"(anonymous_9)","decl":{"start":{"line":92,"column":25},"end":{"line":92,"column":57}},"loc":{"start":{"line":92,"column":84},"end":{"line":106,"column":1}}},"10":{"name":"(anonymous_10)","decl":{"start":{"line":114,"column":24},"end":{"line":114,"column":25}},"loc":{"start":{"line":114,"column":73},"end":{"line":116,"column":1}}}},"branchMap":{"0":{"loc":{"start":{"line":10,"column":88},"end":{"line":10,"column":110}},"type":"default-arg","locations":[{"start":{"line":10,"column":106},"end":{"line":10,"column":110}}]},"1":{"loc":{"start":{"line":15,"column":8},"end":{"line":18,"column":9}},"type":"if","locations":[{"start":{"line":15,"column":8},"end":{"line":18,"column":9}}]},"2":{"loc":{"start":{"line":21,"column":8},"end":{"line":33,"column":9}},"type":"if","locations":[{"start":{"line":21,"column":8},"end":{"line":33,"column":9}},{"start":{"line":31,"column":15},"end":{"line":33,"column":9}}]},"3":{"loc":{"start":{"line":23,"column":12},"end":{"line":30,"column":13}},"type":"if","locations":[{"start":{"line":23,"column":12},"end":{"line":30,"column":13}},{"start":{"line":28,"column":19},"end":{"line":30,"column":13}}]},"4":{"loc":{"start":{"line":25,"column":16},"end":{"line":27,"column":17}},"type":"if","locations":[{"start":{"line":25,"column":16},"end":{"line":27,"column":17}}]},"5":{"loc":{"start":{"line":31,"column":15},"end":{"line":33,"column":9}},"type":"if","locations":[{"start":{"line":31,"column":15},"end":{"line":33,"column":9}}]},"6":{"loc":{"start":{"line":37,"column":4},"end":{"line":39,"column":5}},"type":"if","locations":[{"start":{"line":37,"column":4},"end":{"line":39,"column":5}}]},"7":{"loc":{"start":{"line":58,"column":12},"end":{"line":65,"column":13}},"type":"if","locations":[{"start":{"line":58,"column":12},"end":{"line":65,"column":13}},{"start":{"line":63,"column":19},"end":{"line":65,"column":13}}]},"8":{"loc":{"start":{"line":67,"column":8},"end":{"line":71,"column":9}},"type":"if","locations":[{"start":{"line":67,"column":8},"end":{"line":71,"column":9}},{"start":{"line":69,"column":15},"end":{"line":71,"column":9}}]},"9":{"loc":{"start":{"line":93,"column":4},"end":{"line":95,"column":5}},"type":"if","locations":[{"start":{"line":93,"column":4},"end":{"line":95,"column":5}}]},"10":{"loc":{"start":{"line":93,"column":8},"end":{"line":93,"column":53}},"type":"binary-expr","locations":[{"start":{"line":93,"column":8},"end":{"line":93,"column":34}},{"start":{"line":93,"column":38},"end":{"line":93,"column":53}}]},"11":{"loc":{"start":{"line":97,"column":8},"end":{"line":103,"column":9}},"type":"if","locations":[{"start":{"line":97,"column":8},"end":{"line":103,"column":9}}]},"12":{"loc":{"start":{"line":98,"column":12},"end":{"line":102,"column":13}},"type":"if","locations":[{"start":{"line":98,"column":12},"end":{"line":102,"column":13}},{"start":{"line":100,"column":19},"end":{"line":102,"column":13}}]},"13":{"loc":{"start":{"line":98,"column":16},"end":{"line":98,"column":62}},"type":"binary-expr","locations":[{"start":{"line":98,"column":16},"end":{"line":98,"column":37}},{"start":{"line":98,"column":41},"end":{"line":98,"column":62}}]},"14":{"loc":{"start":{"line":115,"column":11},"end":{"line":115,"column":54}},"type":"binary-expr","locations":[{"start":{"line":115,"column":11},"end":{"line":115,"column":25}},{"start":{"line":115,"column":29},"end":{"line":115,"column":54}}]}},"s":{"0":2,"1":48,"2":48,"3":103,"4":42,"5":42,"6":61,"7":61,"8":2,"9":1,"10":1,"11":1,"12":1,"13":1,"14":59,"15":53,"16":48,"17":48,"18":6,"19":42,"20":2,"21":2,"22":3,"23":9,"24":9,"25":9,"26":9,"27":3,"28":3,"29":3,"30":3,"31":6,"32":9,"33":3,"34":3,"35":6,"36":2,"37":2,"38":3,"39":2,"40":2,"41":10,"42":1,"43":9,"44":9,"45":9,"46":6,"47":3,"48":9,"49":2,"50":2,"51":20,"52":2},"f":{"0":48,"1":103,"2":1,"3":3,"4":9,"5":3,"6":3,"7":3,"8":3,"9":10,"10":20},"b":{"0":[6],"1":[42],"2":[2,59],"3":[1,1],"4":[1],"5":[53],"6":[6],"7":[3,6],"8":[3,6],"9":[1],"10":[10,10],"11":[9],"12":[6,3],"13":[9,6],"14":[20,19]}}
,"/home/asili/ariasTools/src/randomUtils.ts": {"path":"/home/asili/ariasTools/src/randomUtils.ts","statementMap":{"0":{"start":{"line":1,"column":29},"end":{"line":12,"column":1}},"1":{"start":{"line":2,"column":15},"end":{"line":2,"column":16}},"2":{"start":{"line":3,"column":4},"end":{"line":5,"column":7}},"3":{"start":{"line":4,"column":8},"end":{"line":4,"column":57}},"4":{"start":{"line":6,"column":17},"end":{"line":6,"column":20}},"5":{"start":{"line":7,"column":4},"end":{"line":10,"column":5}},"6":{"start":{"line":7,"column":17},"end":{"line":7,"column":18}},"7":{"start":{"line":8,"column":22},"end":{"line":8,"column":46}},"8":{"start":{"line":9,"column":8},"end":{"line":9,"column":54}},"9":{"start":{"line":11,"column":4},"end":{"line":11,"column":25}},"10":{"start":{"line":1,"column":13},"end":{"line":1,"column":29}},"11":{"start":{"line":19,"column":28},"end":{"line":25,"column":1}},"12":{"start":{"line":20,"column":4},"end":{"line":24,"column":7}},"13":{"start":{"line":21,"column":18},"end":{"line":21,"column":42}},"14":{"start":{"line":22,"column":18},"end":{"line":22,"column":49}},"15":{"start":{"line":23,"column":8},"end":{"line":23,"column":30}},"16":{"start":{"line":19,"column":13},"end":{"line":19,"column":28}}},"fnMap":{"0":{"name":"(anonymous_0)","decl":{"start":{"line":1,"column":29},"end":{"line":1,"column":30}},"loc":{"start":{"line":1,"column":45},"end":{"line":12,"column":1}}},"1":{"name":"(anonymous_1)","decl":{"start":{"line":3,"column":26},"end":{"line":3,"column":27}},"loc":{"start":{"line":3,"column":35},"end":{"line":5,"column":5}}},"2":{"name":"(anonymous_2)","decl":{"start":{"line":19,"column":28},"end":{"line":19,"column":39}},"loc":{"start":{"line":19,"column":41},"end":{"line":25,"column":1}}},"3":{"name":"(anonymous_3)","decl":{"start":{"line":20,"column":67},"end":{"line":20,"column":68}},"loc":{"start":{"line":20,"column":73},"end":{"line":24,"column":5}}}},"branchMap":{"0":{"loc":{"start":{"line":22,"column":18},"end":{"line":22,"column":49}},"type":"cond-expr","locations":[{"start":{"line":22,"column":30},"end":{"line":22,"column":31}},{"start":{"line":22,"column":34},"end":{"line":22,"column":49}}]}},"s":{"0":1,"1":2,"2":2,"3":10,"4":2,"5":2,"6":2,"7":6,"8":6,"9":2,"10":1,"11":1,"12":1,"13":31,"14":31,"15":31,"16":1},"f":{"0":2,"1":10,"2":1,"3":31},"b":{"0":[30,1]}}
}
