{"total": {"lines":{"total":140,"covered":137,"skipped":0,"pct":97.85},"statements":{"total":169,"covered":162,"skipped":0,"pct":95.85},"functions":{"total":41,"covered":38,"skipped":0,"pct":92.68},"branches":{"total":88,"covered":81,"skipped":0,"pct":92.04},"branchesTrue":{"total":0,"covered":0,"skipped":0,"pct":"Unknown"}}
,"/home/ahai22/arias/src/arrayUtils.ts": {"lines":{"total":44,"covered":41,"skipped":0,"pct":93.18},"functions":{"total":14,"covered":11,"skipped":0,"pct":78.57},"statements":{"total":54,"covered":47,"skipped":0,"pct":87.03},"branches":{"total":38,"covered":31,"skipped":0,"pct":81.57}}
,"/home/ahai22/arias/src/dateUtils.ts": {"lines":{"total":23,"covered":23,"skipped":0,"pct":100},"functions":{"total":3,"covered":3,"skipped":0,"pct":100},"statements":{"total":25,"covered":25,"skipped":0,"pct":100},"branches":{"total":24,"covered":24,"skipped":0,"pct":100}}
,"/home/ahai22/arias/src/functionUtils.ts": {"lines":{"total":13,"covered":13,"skipped":0,"pct":100},"functions":{"total":7,"covered":7,"skipped":0,"pct":100},"statements":{"total":18,"covered":18,"skipped":0,"pct":100},"branches":{"total":1,"covered":1,"skipped":0,"pct":100}}
,"/home/ahai22/arias/src/objectUtils.ts": {"lines":{"total":46,"covered":46,"skipped":0,"pct":100},"functions":{"total":13,"covered":13,"skipped":0,"pct":100},"statements":{"total":55,"covered":55,"skipped":0,"pct":100},"branches":{"total":23,"covered":23,"skipped":0,"pct":100}}
,"/home/ahai22/arias/src/randomUtils.ts": {"lines":{"total":14,"covered":14,"skipped":0,"pct":100},"functions":{"total":4,"covered":4,"skipped":0,"pct":100},"statements":{"total":17,"covered":17,"skipped":0,"pct":100},"branches":{"total":2,"covered":2,"skipped":0,"pct":100}}
}
