TN:
SF:src/arrayUtils.ts
FN:11,(anonymous_0)
FN:12,(anonymous_1)
FN:15,(anonymous_2)
FN:21,(anonymous_3)
FN:27,(anonymous_4)
FN:33,(anonymous_5)
FN:45,(anonymous_6)
FN:69,(anonymous_7)
FNF:8
FNH:8
FNDA:13,(anonymous_0)
FNDA:13,(anonymous_1)
FNDA:7,(anonymous_2)
FNDA:6,(anonymous_3)
FNDA:6,(anonymous_4)
FNDA:7,(anonymous_5)
FNDA:9,(anonymous_6)
FNDA:4,(anonymous_7)
DA:1,1
DA:2,1
DA:11,1
DA:12,13
DA:13,13
DA:15,2
DA:16,7
DA:17,7
DA:21,2
DA:22,6
DA:23,6
DA:27,2
DA:28,6
DA:29,6
DA:33,3
DA:34,7
DA:35,7
DA:37,7
DA:38,6
DA:40,1
DA:41,1
DA:45,3
DA:46,9
DA:48,9
DA:49,6
DA:51,3
DA:52,3
DA:57,1
DA:69,1
DA:70,4
DA:71,2
DA:72,2
DA:73,8
DA:75,2
LF:34
LH:34
BRDA:13,0,0,2
BRDA:13,0,1,2
BRDA:13,0,2,2
BRDA:13,0,3,3
BRDA:13,0,4,3
BRDA:13,0,5,1
BRDA:17,1,0,7
BRDA:17,1,1,7
BRDA:17,1,2,2
BRDA:23,2,0,6
BRDA:23,2,1,6
BRDA:29,3,0,6
BRDA:29,3,1,6
BRDA:37,4,0,6
BRDA:37,4,1,1
BRDA:37,5,0,7
BRDA:37,5,1,6
BRDA:37,5,2,6
BRDA:37,5,3,6
BRDA:48,6,0,6
BRDA:48,6,1,3
BRDA:48,7,0,9
BRDA:48,7,1,6
BRDA:70,8,0,2
BRF:24
BRH:24
end_of_record
TN:
SF:src/dateUtils.ts
FN:7,isDateString
FN:22,(anonymous_1)
FN:34,(anonymous_2)
FNF:3
FNH:3
FNDA:18,isDateString
FNDA:26,(anonymous_1)
FNDA:16,(anonymous_2)
DA:7,2
DA:9,18
DA:10,18
DA:22,2
DA:23,26
DA:24,1
DA:27,25
DA:28,25
DA:30,25
DA:31,1
DA:34,24
DA:36,24
DA:37,15
DA:38,15
DA:40,15
DA:41,1
DA:44,14
DA:45,9
DA:47,5
DA:51,9
DA:53,9
DA:54,1
DA:57,8
LF:23
LH:23
BRDA:22,0,0,6
BRDA:23,1,0,1
BRDA:23,2,0,26
BRDA:23,2,1,26
BRDA:23,2,2,25
BRDA:30,3,0,1
BRDA:30,4,0,25
BRDA:30,4,1,24
BRDA:34,5,0,16
BRDA:34,5,1,6
BRDA:36,6,0,15
BRDA:36,6,1,9
BRDA:40,7,0,1
BRDA:40,8,0,15
BRDA:40,8,1,14
BRDA:44,9,0,9
BRDA:44,9,1,5
BRDA:45,10,0,9
BRDA:45,10,1,4
BRDA:47,11,0,5
BRDA:47,11,1,3
BRDA:47,11,2,3
BRDA:47,11,3,3
BRDA:53,12,0,1
BRF:24
BRH:24
end_of_record
TN:
SF:src/functionUtils.ts
FN:8,(anonymous_0)
FN:10,(anonymous_1)
FN:12,(anonymous_2)
FN:23,(anonymous_3)
FN:25,(anonymous_4)
FN:40,(anonymous_5)
FN:41,(anonymous_6)
FNF:7
FNH:7
FNDA:1,(anonymous_0)
FNDA:3,(anonymous_1)
FNDA:1,(anonymous_2)
FNDA:1,(anonymous_3)
FNDA:3,(anonymous_4)
FNDA:3,(anonymous_5)
FNDA:3,(anonymous_6)
DA:8,1
DA:10,1
DA:11,3
DA:12,3
DA:23,1
DA:24,1
DA:25,1
DA:26,3
DA:27,3
DA:28,1
DA:29,1
DA:40,1
DA:41,3
LF:13
LH:13
BRDA:27,0,0,1
BRF:1
BRH:1
end_of_record
TN:
SF:src/objectUtils.ts
FN:10,(anonymous_0)
FN:14,recursiveCollect
FN:29,(anonymous_2)
FN:53,(anonymous_3)
FN:54,(anonymous_4)
FN:59,(anonymous_5)
FN:62,(anonymous_6)
FN:68,(anonymous_7)
FN:81,(anonymous_8)
FN:92,(anonymous_9)
FN:114,(anonymous_10)
FNF:11
FNH:11
FNDA:48,(anonymous_0)
FNDA:103,recursiveCollect
FNDA:1,(anonymous_2)
FNDA:3,(anonymous_3)
FNDA:9,(anonymous_4)
FNDA:3,(anonymous_5)
FNDA:3,(anonymous_6)
FNDA:3,(anonymous_7)
FNDA:3,(anonymous_8)
FNDA:10,(anonymous_9)
FNDA:20,(anonymous_10)
DA:10,2
DA:11,48
DA:12,48
DA:15,103
DA:16,42
DA:17,42
DA:20,61
DA:21,61
DA:23,2
DA:24,1
DA:25,1
DA:26,1
DA:29,1
DA:31,59
DA:32,53
DA:36,48
DA:37,48
DA:38,6
DA:41,42
DA:53,2
DA:54,3
DA:55,9
DA:56,9
DA:57,9
DA:58,9
DA:59,3
DA:62,3
DA:64,6
DA:67,9
DA:68,3
DA:70,6
DA:81,2
DA:82,3
DA:92,2
DA:93,10
DA:94,1
DA:96,9
DA:97,9
DA:98,9
DA:99,6
DA:101,3
DA:105,9
DA:114,2
DA:115,20
LF:44
LH:44
BRDA:10,0,0,6
BRDA:15,1,0,42
BRDA:21,2,0,2
BRDA:21,2,1,59
BRDA:23,3,0,1
BRDA:23,3,1,1
BRDA:25,4,0,1
BRDA:31,5,0,53
BRDA:37,6,0,6
BRDA:58,7,0,3
BRDA:58,7,1,6
BRDA:67,8,0,3
BRDA:67,8,1,6
BRDA:93,9,0,1
BRDA:93,10,0,10
BRDA:93,10,1,10
BRDA:97,11,0,9
BRDA:98,12,0,6
BRDA:98,12,1,3
BRDA:98,13,0,9
BRDA:98,13,1,6
BRDA:115,14,0,20
BRDA:115,14,1,19
BRF:23
BRH:23
end_of_record
TN:
SF:src/randomUtils.ts
FN:1,(anonymous_0)
FN:3,(anonymous_1)
FN:19,(anonymous_2)
FN:20,(anonymous_3)
FNF:4
FNH:4
FNDA:2,(anonymous_0)
FNDA:10,(anonymous_1)
FNDA:1,(anonymous_2)
FNDA:31,(anonymous_3)
DA:1,1
DA:2,2
DA:3,2
DA:4,10
DA:6,2
DA:7,2
DA:8,6
DA:9,6
DA:11,2
DA:19,1
DA:20,1
DA:21,31
DA:22,31
DA:23,31
LF:14
LH:14
BRDA:22,0,0,30
BRDA:22,0,1,1
BRF:2
BRH:2
end_of_record
