TN:
SF:src/arrayUtils.ts
FN:15,(anonymous_0)
FN:17,(anonymous_1)
FN:20,(anonymous_2)
FN:22,(anonymous_3)
FN:24,(anonymous_4)
FN:26,(anonymous_5)
FN:33,(anonymous_6)
FN:36,(anonymous_7)
FN:50,(anonymous_8)
FN:56,(anonymous_9)
FN:58,(anonymous_10)
FN:62,(anonymous_11)
FN:74,(anonymous_12)
FN:98,(anonymous_13)
FN:143,(anonymous_14)
FN:145,(anonymous_15)
FNF:16
FNH:16
FNDA:19,(anonymous_0)
FNDA:20,(anonymous_1)
FNDA:9,(anonymous_2)
FNDA:6,(anonymous_3)
FNDA:9,(anonymous_4)
FNDA:6,(anonymous_5)
FNDA:20,(anonymous_6)
FNDA:24,(anonymous_7)
FNDA:6,(anonymous_8)
FNDA:8,(anonymous_9)
FNDA:8,(anonymous_10)
FNDA:10,(anonymous_11)
FNDA:9,(anonymous_12)
FNDA:4,(anonymous_13)
FNDA:8,(anonymous_14)
FNDA:22,(anonymous_15)
DA:1,1
DA:2,1
DA:15,1
DA:17,19
DA:18,20
DA:20,9
DA:22,6
DA:24,9
DA:26,6
DA:28,8
DA:33,19
DA:34,20
DA:36,7
DA:37,24
DA:39,24
DA:41,20
DA:43,20
DA:44,20
DA:50,2
DA:51,6
DA:52,6
DA:56,3
DA:57,8
DA:58,8
DA:62,4
DA:63,10
DA:64,10
DA:66,10
DA:67,9
DA:69,1
DA:70,1
DA:74,3
DA:75,9
DA:77,9
DA:78,6
DA:80,3
DA:81,3
DA:86,1
DA:98,1
DA:99,4
DA:100,2
DA:101,2
DA:102,8
DA:104,2
DA:143,1
DA:145,8
DA:146,22
DA:149,22
DA:150,22
DA:153,22
DA:154,11
DA:157,7
DA:158,7
DA:159,7
DA:163,4
DA:164,11
DA:166,7
DA:167,7
DA:168,7
DA:170,4
LF:60
LH:60
BRDA:18,0,0,3
BRDA:18,0,1,3
BRDA:18,0,2,3
BRDA:18,0,3,3
BRDA:18,0,4,8
BRDA:26,1,0,0
BRDA:26,1,1,6
BRDA:34,2,0,7
BRDA:34,2,1,2
BRDA:34,2,2,3
BRDA:34,2,3,4
BRDA:34,2,4,3
BRDA:34,2,5,1
BRDA:39,3,0,4
BRDA:39,4,0,24
BRDA:39,4,1,24
BRDA:41,5,0,20
BRDA:41,5,1,2
BRDA:44,6,0,20
BRDA:44,6,1,14
BRDA:44,6,2,13
BRDA:52,7,0,6
BRDA:52,7,1,6
BRDA:58,8,0,8
BRDA:58,8,1,8
BRDA:66,9,0,9
BRDA:66,9,1,1
BRDA:66,10,0,10
BRDA:66,10,1,9
BRDA:66,10,2,9
BRDA:66,10,3,9
BRDA:67,11,0,3
BRDA:67,11,1,6
BRDA:77,12,0,6
BRDA:77,12,1,3
BRDA:77,13,0,9
BRDA:77,13,1,6
BRDA:99,14,0,2
BRDA:153,15,0,11
BRDA:153,15,1,11
BRDA:153,16,0,22
BRDA:153,16,1,11
BRDA:154,17,0,7
BRDA:154,18,0,11
BRDA:154,18,1,7
BRDA:159,19,0,4
BRDA:159,19,1,3
BRDA:163,20,0,2
BRDA:163,20,1,2
BRDA:164,21,0,7
BRDA:164,21,1,4
BRDA:164,22,0,11
BRDA:164,22,1,7
BRDA:168,23,0,3
BRDA:168,23,1,4
BRF:55
BRH:54
end_of_record
TN:
SF:src/dateUtils.ts
FN:7,isDateString
FN:23,(anonymous_1)
FN:35,(anonymous_2)
FNF:3
FNH:3
FNDA:42,isDateString
FNDA:29,(anonymous_1)
FNDA:21,(anonymous_2)
DA:7,2
DA:9,42
DA:11,42
DA:23,2
DA:24,29
DA:25,1
DA:28,28
DA:29,28
DA:31,28
DA:32,1
DA:35,27
DA:37,27
DA:38,18
DA:39,18
DA:41,18
DA:42,1
DA:45,17
DA:46,9
DA:48,8
DA:52,9
DA:54,9
DA:55,1
DA:58,8
LF:23
LH:23
BRDA:23,0,0,6
BRDA:24,1,0,1
BRDA:24,2,0,29
BRDA:24,2,1,29
BRDA:24,2,2,28
BRDA:31,3,0,1
BRDA:31,4,0,28
BRDA:31,4,1,27
BRDA:35,5,0,21
BRDA:35,5,1,9
BRDA:37,6,0,18
BRDA:37,6,1,9
BRDA:41,7,0,1
BRDA:41,8,0,18
BRDA:41,8,1,17
BRDA:45,9,0,9
BRDA:45,9,1,8
BRDA:46,10,0,9
BRDA:46,10,1,4
BRDA:48,11,0,8
BRDA:48,11,1,5
BRDA:48,11,2,3
BRDA:48,11,3,3
BRDA:54,12,0,1
BRF:24
BRH:24
end_of_record
TN:
SF:src/functionUtils.ts
FN:8,(anonymous_0)
FN:10,(anonymous_1)
FN:12,(anonymous_2)
FN:23,(anonymous_3)
FN:25,(anonymous_4)
FN:40,(anonymous_5)
FN:41,(anonymous_6)
FNF:7
FNH:7
FNDA:1,(anonymous_0)
FNDA:3,(anonymous_1)
FNDA:1,(anonymous_2)
FNDA:1,(anonymous_3)
FNDA:3,(anonymous_4)
FNDA:3,(anonymous_5)
FNDA:3,(anonymous_6)
DA:8,1
DA:10,1
DA:11,3
DA:12,3
DA:23,1
DA:24,1
DA:25,1
DA:26,3
DA:27,3
DA:28,1
DA:29,1
DA:40,1
DA:41,3
LF:13
LH:13
BRDA:27,0,0,1
BRF:1
BRH:1
end_of_record
TN:
SF:src/objectUtils.ts
FN:12,(anonymous_0)
FN:20,recursiveCollect
FN:36,(anonymous_2)
FN:46,(anonymous_3)
FN:47,(anonymous_4)
FN:62,(anonymous_5)
FN:63,(anonymous_6)
FN:68,(anonymous_7)
FN:71,(anonymous_8)
FN:77,(anonymous_9)
FN:90,(anonymous_10)
FN:101,(anonymous_11)
FN:123,(anonymous_12)
FNF:13
FNH:13
FNDA:118,(anonymous_0)
FNDA:270,recursiveCollect
FNDA:37,(anonymous_2)
FNDA:88,(anonymous_3)
FNDA:87,(anonymous_4)
FNDA:3,(anonymous_5)
FNDA:9,(anonymous_6)
FNDA:3,(anonymous_7)
FNDA:3,(anonymous_8)
FNDA:3,(anonymous_9)
FNDA:3,(anonymous_10)
FNDA:10,(anonymous_11)
FNDA:20,(anonymous_12)
DA:12,2
DA:13,118
DA:14,118
DA:15,118
DA:18,118
DA:21,270
DA:23,124
DA:24,124
DA:27,146
DA:28,146
DA:30,14
DA:31,1
DA:32,1
DA:33,1
DA:36,37
DA:38,132
DA:39,114
DA:43,118
DA:44,118
DA:45,75
DA:46,88
DA:47,87
DA:50,43
DA:62,2
DA:63,3
DA:64,9
DA:65,9
DA:66,9
DA:67,9
DA:68,3
DA:71,3
DA:73,6
DA:76,9
DA:77,3
DA:79,6
DA:90,2
DA:91,3
DA:101,2
DA:102,10
DA:103,1
DA:105,9
DA:106,9
DA:107,9
DA:108,6
DA:110,3
DA:114,9
DA:123,2
DA:124,20
LF:48
LH:48
BRDA:12,0,0,50
BRDA:14,1,0,118
BRDA:21,2,0,124
BRDA:28,3,0,14
BRDA:28,3,1,132
BRDA:30,4,0,1
BRDA:30,4,1,13
BRDA:32,5,0,1
BRDA:38,6,0,114
BRDA:44,7,0,75
BRDA:67,8,0,3
BRDA:67,8,1,6
BRDA:76,9,0,3
BRDA:76,9,1,6
BRDA:102,10,0,1
BRDA:102,11,0,10
BRDA:102,11,1,10
BRDA:106,12,0,9
BRDA:107,13,0,6
BRDA:107,13,1,3
BRDA:107,14,0,9
BRDA:107,14,1,6
BRDA:124,15,0,20
BRDA:124,15,1,19
BRF:24
BRH:24
end_of_record
TN:
SF:src/randomUtils.ts
FN:1,(anonymous_0)
FN:3,(anonymous_1)
FN:19,(anonymous_2)
FN:20,(anonymous_3)
FNF:4
FNH:4
FNDA:2,(anonymous_0)
FNDA:10,(anonymous_1)
FNDA:1,(anonymous_2)
FNDA:31,(anonymous_3)
DA:1,1
DA:2,2
DA:3,2
DA:4,10
DA:6,2
DA:7,2
DA:8,6
DA:9,6
DA:11,2
DA:19,1
DA:20,1
DA:21,31
DA:22,31
DA:23,31
LF:14
LH:14
BRDA:22,0,0,30
BRDA:22,0,1,1
BRF:2
BRH:2
end_of_record
